<?xml version="1.0" encoding="UTF-8"?>
<!-- Generated by org.testng.reporters.JUnitReportReporter -->
<testsuite skipped="0" hostname="DESKTOP-KIH8VHJ" name="com.mindtree.runner.AtlanticBook" tests="2" failures="0" timestamp="2021-11-07T12:27:57 IST" time="127.965" errors="0">
  <testcase name="landingpagenavigation" time="106.338" classname="com.mindtree.runner.AtlanticBook"/>
  <system-out/>
  <testcase name="searchpagenav" time="21.627" classname="com.mindtree.runner.AtlanticBook"/>
  <system-out/>
</testsuite> <!-- com.mindtree.runner.AtlanticBook -->
