<?xml version="1.0" encoding="UTF-8"?>
<!-- Generated by org.testng.reporters.JUnitReportReporter -->
<testsuite skipped="0" hostname="DESKTOP-KIH8VHJ" name="com.mindtree.runner.AtlanticBook" tests="2" failures="0" timestamp="2021-11-07T19:18:54 IST" time="27.639" errors="0">
  <testcase name="landingpagenavigation" time="9.005" classname="com.mindtree.runner.AtlanticBook"/>
  <testcase name="searchpagenav" time="18.634" classname="com.mindtree.runner.AtlanticBook"/>
</testsuite> <!-- com.mindtree.runner.AtlanticBook -->
